<?xml version="1.0" encoding="UTF-8"?>
<!-- Generated by org.testng.reporters.JUnitXMLReporter -->
<testsuite ignored="1" hostname="DESKTOP-VJBNE00" failures="0" tests="5" name="Test" time="21.147" errors="0" timestamp="2026-06-17T10:31:58 IST">
  <testcase classname="tests.CartTest" name="homePage" time="4.351"/>
  <testcase classname="tests.CartTest" name="addCart" time="4.939"/>
  <testcase classname="tests.CartTest" name="removeCart" time="0.607"/>
  <testcase classname="tests.SortProductTest" name="homePage" time="4.356"/>
  <testcase classname="tests.SortProductTest" name="sortProducts" time="1.656"/>
  <testcase classname="base.BaseTest" name="@BeforeSuite createLogsFolder" time="0.0">
    <ignored/>
  </testcase> <!-- @BeforeSuite createLogsFolder -->
</testsuite> <!-- Test -->
