<?xml version="1.0" encoding="UTF-8"?>
<!-- Generated by org.testng.reporters.JUnitReportReporter -->
<testsuite hostname="DESKTOP-VJBNE00" failures="0" tests="3" name="tests.CartTest" time="10.462" errors="0" timestamp="2026-06-17T10:31:58 IST" skipped="0">
  <testcase classname="tests.CartTest" name="homePage" time="4.566"/>
  <testcase classname="tests.CartTest" name="addCart" time="5.115"/>
  <testcase classname="tests.CartTest" name="removeCart" time="0.781"/>
</testsuite> <!-- tests.CartTest -->
